#
# There is insufficient memory for the Java Runtime Environment to continue.
# Native memory allocation (malloc) failed to allocate 1255856 bytes for Chunk::new
# Possible reasons:
#   The system is out of physical RAM or swap space
#   In 32 bit mode, the process size limit was hit
# Possible solutions:
#   Reduce memory load on the system
#   Increase physical memory or swap space
#   Check if swap backing store is full
#   Use 64 bit Java on a 64 bit OS
#   Decrease Java heap size (-Xmx/-Xms)
#   Decrease number of Java threads
#   Decrease Java thread stack sizes (-Xss)
#   Set larger code cache with -XX:ReservedCodeCacheSize=
# This output file may be truncated or incomplete.
#
#  Out of Memory Error (allocation.cpp:390), pid=4496, tid=0x0000000000001e74
#
# JRE version: Java(TM) SE Runtime Environment (8.0_92-b14) (build 1.8.0_92-b14)
# Java VM: Java HotSpot(TM) 64-Bit Server VM (25.92-b14 mixed mode windows-amd64 compressed oops)
# Failed to write core dump. Minidumps are not enabled by default on client versions of Windows
#

---------------  T H R E A D  ---------------

Current thread (0x0000000014bdb800):  JavaThread "C2 CompilerThread1" daemon [_thread_in_native, id=7796, stack(0x0000000016300000,0x0000000016400000)]

Stack: [0x0000000016300000,0x0000000016400000]
[error occurred during error reporting (printing stack bounds), id 0xc0000005]

Native frames: (J=compiled Java code, j=interpreted, Vv=VM code, C=native code)


Current CompileTask:
C2:  32165 1995   !   4       com.android.dx.cf.code.BytecodeArray::parseInstruction (2764 bytes)


---------------  P R O C E S S  ---------------

Java Threads: ( => current thread )
  0x0000000016789800 JavaThread "pool-1-thread-1" [_thread_in_vm, id=8972, stack(0x00000000198e0000,0x00000000199e0000)]
  0x0000000014c1b800 JavaThread "Service Thread" daemon [_thread_blocked, id=3456, stack(0x0000000016900000,0x0000000016a00000)]
  0x0000000014c03000 JavaThread "C1 CompilerThread2" daemon [_thread_blocked, id=6908, stack(0x0000000016400000,0x0000000016500000)]
=>0x0000000014bdb800 JavaThread "C2 CompilerThread1" daemon [_thread_in_native, id=7796, stack(0x0000000016300000,0x0000000016400000)]
  0x0000000014bbc800 JavaThread "C2 CompilerThread0" daemon [_thread_in_native, id=7500, stack(0x0000000016200000,0x0000000016300000)]
  0x0000000014bba800 JavaThread "Attach Listener" daemon [_thread_blocked, id=2560, stack(0x0000000016100000,0x0000000016200000)]
  0x0000000014bb9800 JavaThread "Signal Dispatcher" daemon [_thread_blocked, id=7800, stack(0x0000000016000000,0x0000000016100000)]
  0x0000000014baa800 JavaThread "Finalizer" daemon [_thread_blocked, id=1532, stack(0x0000000015e20000,0x0000000015f20000)]
  0x00000000024df000 JavaThread "Reference Handler" daemon [_thread_blocked, id=6820, stack(0x0000000015d20000,0x0000000015e20000)]
  0x00000000023f0800 JavaThread "main" [_thread_blocked, id=6208, stack(0x00000000022f0000,0x00000000023f0000)]

Other Threads:
  0x0000000014b88000 VMThread [stack: 0x0000000015c20000,0x0000000015d20000] [id=1088]
  0x000000001651b800 WatcherThread [stack: 0x0000000016a00000,0x0000000016b00000] [id=5632]

VM state:not at safepoint (normal execution)

VM Mutex/Monitor currently owned by a thread: None

Heap:
 PSYoungGen      total 68096K, used 56252K [0x00000000eab00000, 0x00000000f4400000, 0x0000000100000000)
  eden space 65536K, 81% used [0x00000000eab00000,0x00000000edf730b8,0x00000000eeb00000)
  from space 2560K, 99% used [0x00000000eeb00000,0x00000000eed7c008,0x00000000eed80000)
  to   space 12800K, 0% used [0x00000000f3780000,0x00000000f3780000,0x00000000f4400000)
 ParOldGen       total 44032K, used 23331K [0x00000000c0000000, 0x00000000c2b00000, 0x00000000eab00000)
  object space 44032K, 52% used [0x00000000c0000000,0x00000000c16c8fc8,0x00000000c2b00000)
 Metaspace       used 6883K, capacity 7608K, committed 7936K, reserved 1056768K
  class space    used 649K, capacity 688K, committed 768K, reserved 1048576K

Card table byte_map: [0x00000000118b0000,0x0000000011ac0000] byte_map_base: 0x00000000112b0000

Marking Bits: (ParMarkBitMap*) 0x00000000569864f0
 Begin Bits: [0x0000000012020000, 0x0000000013020000)
 End Bits:   [0x0000000013020000, 0x0000000014020000)

Polling page: 0x0000000002220000

CodeCache: size=245760Kb used=10989Kb max_used=10989Kb free=234770Kb
 bounds [0x00000000024f0000, 0x0000000002fc0000, 0x00000000114f0000]
 total_blobs=2668 nmethods=2397 adapters=183
 compilation: enabled

Compilation events (10 events):
Event: 30.626 Thread 0x0000000014c03000 2018 %     3       java.util.HashMap::resize @ 154 (359 bytes)
Event: 30.628 Thread 0x0000000014c03000 nmethod 2018% 0x0000000002e62f50 code [0x0000000002e631c0, 0x0000000002e644c8]
Event: 30.628 Thread 0x0000000014c03000 2019       3       java.util.HashMap::resize (359 bytes)
Event: 30.629 Thread 0x0000000014c03000 nmethod 2019 0x0000000002e6c910 code [0x0000000002e6cb60, 0x0000000002e6dd88]
Event: 30.661 Thread 0x0000000014c03000 2021       3       java.io.FilterInputStream::read (9 bytes)
Event: 30.661 Thread 0x0000000014c03000 nmethod 2021 0x0000000002e2ed50 code [0x0000000002e2eec0, 0x0000000002e2f0e8]
Event: 30.663 Thread 0x0000000014bbc800 nmethod 2014 0x0000000002e70a90 code [0x0000000002e70ca0, 0x0000000002e71b38]
Event: 30.664 Thread 0x0000000014c03000 2022       3       java.util.concurrent.locks.ReentrantLock::lock (8 bytes)
Event: 30.664 Thread 0x0000000014bbc800 2020 %     4       com.android.dx.ssa.back.IdenticalBlockCombiner::process @ 25 (323 bytes)
Event: 30.664 Thread 0x0000000014c03000 nmethod 2022 0x0000000002e62b10 code [0x0000000002e62c80, 0x0000000002e62ea8]

GC Heap History (10 events):
Event: 11.516 GC heap before
{Heap before GC invocations=1 (full 0):
 PSYoungGen      total 18944K, used 16384K [0x00000000eab00000, 0x00000000ec000000, 0x0000000100000000)
  eden space 16384K, 100% used [0x00000000eab00000,0x00000000ebb00000,0x00000000ebb00000)
  from space 2560K, 0% used [0x00000000ebd80000,0x00000000ebd80000,0x00000000ec000000)
  to   space 2560K, 0% used [0x00000000ebb00000,0x00000000ebb00000,0x00000000ebd80000)
 ParOldGen       total 44032K, used 0K [0x00000000c0000000, 0x00000000c2b00000, 0x00000000eab00000)
  object space 44032K, 0% used [0x00000000c0000000,0x00000000c0000000,0x00000000c2b00000)
 Metaspace       used 5810K, capacity 6770K, committed 7040K, reserved 1056768K
  class space    used 599K, capacity 618K, committed 640K, reserved 1048576K
Event: 11.834 GC heap after
Heap after GC invocations=1 (full 0):
 PSYoungGen      total 18944K, used 2538K [0x00000000eab00000, 0x00000000ed000000, 0x0000000100000000)
  eden space 16384K, 0% used [0x00000000eab00000,0x00000000eab00000,0x00000000ebb00000)
  from space 2560K, 99% used [0x00000000ebb00000,0x00000000ebd7aac8,0x00000000ebd80000)
  to   space 2560K, 0% used [0x00000000ecd80000,0x00000000ecd80000,0x00000000ed000000)
 ParOldGen       total 44032K, used 1490K [0x00000000c0000000, 0x00000000c2b00000, 0x00000000eab00000)
  object space 44032K, 3% used [0x00000000c0000000,0x00000000c0174880,0x00000000c2b00000)
 Metaspace       used 5810K, capacity 6770K, committed 7040K, reserved 1056768K
  class space    used 599K, capacity 618K, committed 640K, reserved 1048576K
}
Event: 13.098 GC heap before
{Heap before GC invocations=2 (full 0):
 PSYoungGen      total 18944K, used 18922K [0x00000000eab00000, 0x00000000ed000000, 0x0000000100000000)
  eden space 16384K, 100% used [0x00000000eab00000,0x00000000ebb00000,0x00000000ebb00000)
  from space 2560K, 99% used [0x00000000ebb00000,0x00000000ebd7aac8,0x00000000ebd80000)
  to   space 2560K, 0% used [0x00000000ecd80000,0x00000000ecd80000,0x00000000ed000000)
 ParOldGen       total 44032K, used 1490K [0x00000000c0000000, 0x00000000c2b00000, 0x00000000eab00000)
  object space 44032K, 3% used [0x00000000c0000000,0x00000000c0174880,0x00000000c2b00000)
 Metaspace       used 6023K, capacity 6898K, committed 7040K, reserved 1056768K
  class space    used 601K, capacity 618K, committed 640K, reserved 1048576K
Event: 13.107 GC heap after
Heap after GC invocations=2 (full 0):
 PSYoungGen      total 35328K, used 2538K [0x00000000eab00000, 0x00000000ed000000, 0x0000000100000000)
  eden space 32768K, 0% used [0x00000000eab00000,0x00000000eab00000,0x00000000ecb00000)
  from space 2560K, 99% used [0x00000000ecd80000,0x00000000ecffaaa0,0x00000000ed000000)
  to   space 2560K, 0% used [0x00000000ecb00000,0x00000000ecb00000,0x00000000ecd80000)
 ParOldGen       total 44032K, used 3748K [0x00000000c0000000, 0x00000000c2b00000, 0x00000000eab00000)
  object space 44032K, 8% used [0x00000000c0000000,0x00000000c03a9118,0x00000000c2b00000)
 Metaspace       used 6023K, capacity 6898K, committed 7040K, reserved 1056768K
  class space    used 601K, capacity 618K, committed 640K, reserved 1048576K
}
Event: 17.036 GC heap before
{Heap before GC invocations=3 (full 0):
 PSYoungGen      total 35328K, used 35306K [0x00000000eab00000, 0x00000000ed000000, 0x0000000100000000)
  eden space 32768K, 100% used [0x00000000eab00000,0x00000000ecb00000,0x00000000ecb00000)
  from space 2560K, 99% used [0x00000000ecd80000,0x00000000ecffaaa0,0x00000000ed000000)
  to   space 2560K, 0% used [0x00000000ecb00000,0x00000000ecb00000,0x00000000ecd80000)
 ParOldGen       total 44032K, used 3748K [0x00000000c0000000, 0x00000000c2b00000, 0x00000000eab00000)
  object space 44032K, 8% used [0x00000000c0000000,0x00000000c03a9118,0x00000000c2b00000)
 Metaspace       used 6211K, capacity 7090K, committed 7296K, reserved 1056768K
  class space    used 604K, capacity 618K, committed 640K, reserved 1048576K
Event: 17.951 GC heap after
Heap after GC invocations=3 (full 0):
 PSYoungGen      total 35328K, used 2552K [0x00000000eab00000, 0x00000000ef000000, 0x0000000100000000)
  eden space 32768K, 0% used [0x00000000eab00000,0x00000000eab00000,0x00000000ecb00000)
  from space 2560K, 99% used [0x00000000ecb00000,0x00000000ecd7e018,0x00000000ecd80000)
  to   space 2560K, 0% used [0x00000000eed80000,0x00000000eed80000,0x00000000ef000000)
 ParOldGen       total 44032K, used 9251K [0x00000000c0000000, 0x00000000c2b00000, 0x00000000eab00000)
  object space 44032K, 21% used [0x00000000c0000000,0x00000000c0908f80,0x00000000c2b00000)
 Metaspace       used 6211K, capacity 7090K, committed 7296K, reserved 1056768K
  class space    used 604K, capacity 618K, committed 640K, reserved 1048576K
}
Event: 21.026 GC heap before
{Heap before GC invocations=4 (full 0):
 PSYoungGen      total 35328K, used 35320K [0x00000000eab00000, 0x00000000ef000000, 0x0000000100000000)
  eden space 32768K, 100% used [0x00000000eab00000,0x00000000ecb00000,0x00000000ecb00000)
  from space 2560K, 99% used [0x00000000ecb00000,0x00000000ecd7e018,0x00000000ecd80000)
  to   space 2560K, 0% used [0x00000000eed80000,0x00000000eed80000,0x00000000ef000000)
 ParOldGen       total 44032K, used 9251K [0x00000000c0000000, 0x00000000c2b00000, 0x00000000eab00000)
  object space 44032K, 21% used [0x00000000c0000000,0x00000000c0908f80,0x00000000c2b00000)
 Metaspace       used 6335K, capacity 7128K, committed 7424K, reserved 1056768K
  class space    used 625K, capacity 656K, committed 768K, reserved 1048576K
Event: 21.398 GC heap after
Heap after GC invocations=4 (full 0):
 PSYoungGen      total 68096K, used 2530K [0x00000000eab00000, 0x00000000ef000000, 0x0000000100000000)
  eden space 65536K, 0% used [0x00000000eab00000,0x00000000eab00000,0x00000000eeb00000)
  from space 2560K, 98% used [0x00000000eed80000,0x00000000eeff8938,0x00000000ef000000)
  to   space 2560K, 0% used [0x00000000eeb00000,0x00000000eeb00000,0x00000000eed80000)
 ParOldGen       total 44032K, used 14109K [0x00000000c0000000, 0x00000000c2b00000, 0x00000000eab00000)
  object space 44032K, 32% used [0x00000000c0000000,0x00000000c0dc7510,0x00000000c2b00000)
 Metaspace       used 6335K, capacity 7128K, committed 7424K, reserved 1056768K
  class space    used 625K, capacity 656K, committed 768K, reserved 1048576K
}
Event: 27.283 GC heap before
{Heap before GC invocations=5 (full 0):
 PSYoungGen      total 68096K, used 68066K [0x00000000eab00000, 0x00000000ef000000, 0x0000000100000000)
  eden space 65536K, 100% used [0x00000000eab00000,0x00000000eeb00000,0x00000000eeb00000)
  from space 2560K, 98% used [0x00000000eed80000,0x00000000eeff8938,0x00000000ef000000)
  to   space 2560K, 0% used [0x00000000eeb00000,0x00000000eeb00000,0x00000000eed80000)
 ParOldGen       total 44032K, used 14109K [0x00000000c0000000, 0x00000000c2b00000, 0x00000000eab00000)
  object space 44032K, 32% used [0x00000000c0000000,0x00000000c0dc7510,0x00000000c2b00000)
 Metaspace       used 6368K, capacity 7192K, committed 7424K, reserved 1056768K
  class space    used 625K, capacity 656K, committed 768K, reserved 1048576K
Event: 28.107 GC heap after
Heap after GC invocations=5 (full 0):
 PSYoungGen      total 68096K, used 2544K [0x00000000eab00000, 0x00000000f4400000, 0x0000000100000000)
  eden space 65536K, 0% used [0x00000000eab00000,0x00000000eab00000,0x00000000eeb00000)
  from space 2560K, 99% used [0x00000000eeb00000,0x00000000eed7c008,0x00000000eed80000)
  to   space 12800K, 0% used [0x00000000f3780000,0x00000000f3780000,0x00000000f4400000)
 ParOldGen       total 44032K, used 23331K [0x00000000c0000000, 0x00000000c2b00000, 0x00000000eab00000)
  object space 44032K, 52% used [0x00000000c0000000,0x00000000c16c8fc8,0x00000000c2b00000)
 Metaspace       used 6368K, capacity 7192K, committed 7424K, reserved 1056768K
  class space    used 625K, capacity 656K, committed 768K, reserved 1048576K
}

Deoptimization events (10 events):
Event: 25.026 Thread 0x0000000016789800 Uncommon trap: reason=unstable_if action=reinterpret pc=0x0000000002c50ce4 method=com.android.dx.ssa.LocalVariableExtractor.processBlock(I)V @ 251
Event: 25.979 Thread 0x0000000016789800 Uncommon trap: reason=unstable_if action=reinterpret pc=0x0000000002b1c5fc method=com.android.dx.rop.code.LocalVariableInfo.mergeStarts(ILcom/android/dx/rop/code/RegisterSpecSet;)Z @ 31
Event: 29.859 Thread 0x0000000016761800 Uncommon trap: reason=unstable_if action=reinterpret pc=0x0000000002e3a63c method=com.android.dx.cf.code.BaseMachine.popArgs(Lcom/android/dx/cf/code/Frame;I)V @ 15
Event: 29.863 Thread 0x0000000016761800 Uncommon trap: reason=class_check action=maybe_recompile pc=0x0000000002cd21fc method=com.android.dx.ssa.back.FirstFitLocalCombiningAllocator.findNextUnreservedRopReg(IILcom/android/dx/ssa/back/FirstFitLocalCombiningAllocator$Alignment;)I @ 60
Event: 29.867 Thread 0x0000000016761800 Uncommon trap: reason=class_check action=maybe_recompile pc=0x0000000002cd21fc method=com.android.dx.ssa.back.FirstFitLocalCombiningAllocator.findNextUnreservedRopReg(IILcom/android/dx/ssa/back/FirstFitLocalCombiningAllocator$Alignment;)I @ 60
Event: 29.875 Thread 0x0000000016761800 Uncommon trap: reason=class_check action=maybe_recompile pc=0x0000000002cd21fc method=com.android.dx.ssa.back.FirstFitLocalCombiningAllocator.findNextUnreservedRopReg(IILcom/android/dx/ssa/back/FirstFitLocalCombiningAllocator$Alignment;)I @ 60
Event: 29.878 Thread 0x0000000016761800 Uncommon trap: reason=class_check action=maybe_recompile pc=0x0000000002cd21fc method=com.android.dx.ssa.back.FirstFitLocalCombiningAllocator.findNextUnreservedRopReg(IILcom/android/dx/ssa/back/FirstFitLocalCombiningAllocator$Alignment;)I @ 60
Event: 29.984 Thread 0x000000001678b000 Uncommon trap: reason=bimorphic action=maybe_recompile pc=0x0000000002d427a4 method=com.android.dx.cf.code.BytecodeArray.parseInstruction(ILcom/android/dx/cf/code/BytecodeArray$Visitor;)I @ 923
Event: 29.984 Thread 0x000000001678b000 Uncommon trap: reason=bimorphic action=maybe_recompile pc=0x0000000002d42f20 method=com.android.dx.cf.code.BytecodeArray.parseInstruction(ILcom/android/dx/cf/code/BytecodeArray$Visitor;)I @ 1287
Event: 30.022 Thread 0x000000001678b000 Uncommon trap: reason=bimorphic action=maybe_recompile pc=0x0000000002d427a4 method=com.android.dx.cf.code.BytecodeArray.parseInstruction(ILcom/android/dx/cf/code/BytecodeArray$Visitor;)I @ 923

Internal exceptions (6 events):
Event: 0.130 Thread 0x00000000023f0800 Exception <a 'java/lang/NoSuchMethodError': Method sun.misc.Unsafe.defineClass(Ljava/lang/String;[BII)Ljava/lang/Class; name or signature does not match> (0x00000000eab07cc0) thrown at [D:\re\workspace\8-2-build-windows-amd64-cygwin\jdk8u92\6642\hotspot\sræuÊ¡‡¢À?
Event: 0.130 Thread 0x00000000023f0800 Exception <a 'java/lang/NoSuchMethodError': Method sun.misc.Unsafe.prefetchRead(Ljava/lang/Object;J)V name or signature does not match> (0x00000000eab07fa8) thrown at [D:\re\workspace\8-2-build-windows-amd64-cygwin\jdk8u92\6642\hotspot\src\share\vm\prims\j†Á»9#3/@
Event: 15.600 Thread 0x000000001678b000 Implicit null exception at 0x0000000002870871 to 0x0000000002872055
Event: 19.375 Thread 0x0000000016789800 Exception <a 'java/lang/ArrayIndexOutOfBoundsException': 18> (0x00000000eba691c0) thrown at [D:\re\workspace\8-2-build-windows-amd64-cygwin\jdk8u92\6642\hotspot\src\share\vm\interpreter\interpreterRuntime.cpp, line 366]
Event: 19.377 Thread 0x0000000016789800 Exception <a 'java/lang/ArrayIndexOutOfBoundsException'> (0x00000000eba6ad40) thrown at [D:\re\workspace\8-2-build-windows-amd64-cygwin\jdk8u92\6642\hotspot\src\share\vm\runtime\sharedRuntime.cpp, line 605]
Event: 19.394 Thread 0x0000000016789800 Exception <a 'java/lang/ArrayIndexOutOfBoundsException'> (0x00000000eba6c028) thrown at [D:\re\workspace\8-2-build-windows-amd64-cygwin\jdk8u92\6642\hotspot\src\share\vm\runtime\sharedRuntime.cpp, line 605]

Events (10 events):
Event: 29.984 Thread 0x000000001678b000 DEOPT PACKING pc=0x0000000002d42f20 sp=0x0000000016efed00
Event: 29.984 Thread 0x000000001678b000 DEOPT UNPACKING pc=0x000000000253582a sp=0x0000000016efecd8 mode 2
Event: 30.022 Thread 0x000000001678b000 Uncommon trap: trap_request=0xffffffc6 fr.pc=0x0000000002d427a4
Event: 30.022 Thread 0x000000001678b000 DEOPT PACKING pc=0x0000000002d427a4 sp=0x0000000016efedd0
Event: 30.022 Thread 0x000000001678b000 DEOPT UNPACKING pc=0x000000000253582a sp=0x0000000016efeda8 mode 2
Event: 30.072 Thread 0x000000001678b000 DEOPT PACKING pc=0x0000000002b9d4b3 sp=0x0000000016efeda0
Event: 30.072 Thread 0x000000001678b000 DEOPT UNPACKING pc=0x000000000253787f sp=0x0000000016efeaf0 mode 0
Event: 30.581 Thread 0x0000000014c03000 flushing nmethod 0x00000000025eeb10
Event: 30.630 Thread 0x0000000016761800 DEOPT PACKING pc=0x0000000002c720e4 sp=0x0000000016bfe8e0
Event: 30.630 Thread 0x0000000016761800 DEOPT UNPACKING pc=0x000000000253787f sp=0x0000000016bfe5d0 mode 0


Dynamic libraries:
0x00007ff70b870000 - 0x00007ff70b8a7000 	C:\Program Files\Java\jdk1.8.0_92\bin\java.exe
0x00007ff94d0b0000 - 0x00007ff94d271000 	C:\WINDOWS\SYSTEM32\ntdll.dll
0x00007ff94be20000 - 0x00007ff94becd000 	C:\WINDOWS\system32\KERNEL32.DLL
0x00007ff94a1a0000 - 0x00007ff94a388000 	C:\WINDOWS\system32\KERNELBASE.dll
0x00007ff94d000000 - 0x00007ff94d0a7000 	C:\WINDOWS\system32\ADVAPI32.dll
0x00007ff94c1e0000 - 0x00007ff94c27d000 	C:\WINDOWS\system32\msvcrt.dll
0x00007ff94bd50000 - 0x00007ff94bdab000 	C:\WINDOWS\system32\sechost.dll
0x00007ff94a4b0000 - 0x00007ff94a5cc000 	C:\WINDOWS\system32\RPCRT4.dll
0x00007ff94c890000 - 0x00007ff94c9e6000 	C:\WINDOWS\system32\USER32.dll
0x00007ff94c630000 - 0x00007ff94c7b6000 	C:\WINDOWS\system32\GDI32.dll
0x00007ff93ddf0000 - 0x00007ff93e064000 	C:\WINDOWS\WinSxS\amd64_microsoft.windows.common-controls_6595b64144ccf1df_6.0.10586.494_none_a2d8b04ea53e3145\COMCTL32.dll
0x00007ff94c330000 - 0x00007ff94c5ad000 	C:\WINDOWS\system32\combase.dll
0x00007ff94a390000 - 0x00007ff94a3fa000 	C:\WINDOWS\system32\bcryptPrimitives.dll
0x00007ff94bd10000 - 0x00007ff94bd4b000 	C:\WINDOWS\system32\IMM32.DLL
0x0000000055ce0000 - 0x0000000055db2000 	C:\Program Files\Java\jdk1.8.0_92\jre\bin\msvcr100.dll
0x0000000056170000 - 0x0000000056a06000 	C:\Program Files\Java\jdk1.8.0_92\jre\bin\server\jvm.dll
0x00007ff94ca10000 - 0x00007ff94ca18000 	C:\WINDOWS\system32\PSAPI.DLL
0x00007ff947920000 - 0x00007ff947943000 	C:\WINDOWS\SYSTEM32\WINMM.dll
0x00007ff93d5e0000 - 0x00007ff93d5ea000 	C:\WINDOWS\SYSTEM32\VERSION.dll
0x00007ff9478f0000 - 0x00007ff94791c000 	C:\WINDOWS\SYSTEM32\WINMMBASE.dll
0x00007ff949760000 - 0x00007ff9497a3000 	C:\WINDOWS\system32\cfgmgr32.dll
0x00007ff93afa0000 - 0x00007ff93afa9000 	C:\WINDOWS\SYSTEM32\WSOCK32.dll
0x00007ff94c5c0000 - 0x00007ff94c62b000 	C:\WINDOWS\system32\WS2_32.dll
0x0000000056160000 - 0x000000005616f000 	C:\Program Files\Java\jdk1.8.0_92\jre\bin\verify.dll
0x0000000056130000 - 0x0000000056159000 	C:\Program Files\Java\jdk1.8.0_92\jre\bin\java.dll
0x0000000056110000 - 0x0000000056126000 	C:\Program Files\Java\jdk1.8.0_92\jre\bin\zip.dll
0x00007ff94a7b0000 - 0x00007ff94bd0c000 	C:\WINDOWS\system32\SHELL32.dll
0x00007ff949920000 - 0x00007ff949f65000 	C:\WINDOWS\system32\windows.storage.dll
0x00007ff94c020000 - 0x00007ff94c072000 	C:\WINDOWS\system32\shlwapi.dll
0x00007ff949720000 - 0x00007ff94972f000 	C:\WINDOWS\system32\kernel.appcore.dll
0x00007ff949860000 - 0x00007ff949915000 	C:\WINDOWS\system32\shcore.dll
0x00007ff9496d0000 - 0x00007ff94971b000 	C:\WINDOWS\system32\powrprof.dll
0x00007ff949740000 - 0x00007ff949754000 	C:\WINDOWS\system32\profapi.dll

VM Arguments:
jvm_args: -Djava.awt.headless=true -Xmx1024M -Dfile.encoding=windows-1252 -Duser.country=US -Duser.language=en -Duser.variant 
java_command: com.android.dx.command.Main --dex --force-jumbo --num-threads=4 --multi-dex --output E:\project\AndroidStudioProjects\MovieAPP\app\build\intermediates\transforms\dex\debug\folders\1000\10\com.android.support-recyclerview-v7-23.4.0_19e3a60afdcf985d215080a1a97c2804dbf0c65b E:\project\AndroidStudioProjects\MovieAPP\app\build\intermediates\exploded-aar\com.android.support\recyclerview-v7\23.4.0\jars\classes.jar
java_class_path (initial): C:\Users\Marim\AppData\Local\Android\Sdk\build-tools\24.0.1\lib\dx.jar
Launcher Type: SUN_STANDARD

Environment Variables:
PATH=C:\ProgramData\Oracle\Java\javapath;C:\WINDOWS\system32;C:\WINDOWS;C:\WINDOWS\System32\Wbem;C:\WINDOWS\System32\WindowsPowerShell\v1.0\;C:\Program Files (x86)\Skype\Phone\;C:\Program Files (x86)\Windows Live\Shared;C:\Program Files (x86)\GtkSharp\2.12\bin;C:\Program Files (x86)\GtkSharp\3.0\bin;C:\Program Files\Git\cmd
USERNAME=Marim
OS=Windows_NT
PROCESSOR_IDENTIFIER=Intel64 Family 6 Model 58 Stepping 9, GenuineIntel



---------------  S Y S T E M  ---------------

OS: Windows 10.0 , 64 bit Build 10586 (10.0.10586.0)

CPU:total 4 (2 cores per cpu, 2 threads per core) family 6 model 58 stepping 9, cmov, cx8, fxsr, mmx, sse, sse2, sse3, ssse3, sse4.1, sse4.2, popcnt, avx, clmul, erms, ht, tsc, tscinvbit, tscinv

Memory: 4k page, physical 4070896k(247008k free), swap 7545932k(5196k free)

vm_info: Java HotSpot(TM) 64-Bit Server VM (25.92-b14) for windows-amd64 JRE (1.8.0_92-b14), built on Mar 31 2016 21:03:04 by "java_re" with MS VC++ 10.0 (VS2010)

time: Fri Aug 12 17:06:51 2016
elapsed time: 32 seconds (0d 0h 0m 32s)

