#
# There is insufficient memory for the Java Runtime Environment to continue.
# Native memory allocation (malloc) failed to allocate 198976 bytes for Chunk::new
# Possible reasons:
#   The system is out of physical RAM or swap space
#   In 32 bit mode, the process size limit was hit
# Possible solutions:
#   Reduce memory load on the system
#   Increase physical memory or swap space
#   Check if swap backing store is full
#   Use 64 bit Java on a 64 bit OS
#   Decrease Java heap size (-Xmx/-Xms)
#   Decrease number of Java threads
#   Decrease Java thread stack sizes (-Xss)
#   Set larger code cache with -XX:ReservedCodeCacheSize=
# This output file may be truncated or incomplete.
#
#  Out of Memory Error (allocation.cpp:390), pid=4812, tid=0x0000000000001cd4
#
# JRE version: Java(TM) SE Runtime Environment (8.0_92-b14) (build 1.8.0_92-b14)
# Java VM: Java HotSpot(TM) 64-Bit Server VM (25.92-b14 mixed mode windows-amd64 compressed oops)
# Failed to write core dump. Minidumps are not enabled by default on client versions of Windows
#

---------------  T H R E A D  ---------------

Current thread (0x00000000159a9000):  JavaThread "C2 CompilerThread1" daemon [_thread_in_native, id=7380, stack(0x00000000170a0000,0x00000000171a0000)]

Stack: [0x00000000170a0000,0x00000000171a0000]
[error occurred during error reporting (printing stack bounds), id 0xc0000005]

Native frames: (J=compiled Java code, j=interpreted, Vv=VM code, C=native code)


Current CompileTask:
C2:  32165 1997       4       com.android.dx.ssa.LiteralOpUpgrader::tryReplacingWithConstant (161 bytes)


---------------  P R O C E S S  ---------------

Java Threads: ( => current thread )
  0x00000000175ad800 JavaThread "pool-2-thread-4" [_thread_in_vm, id=8132, stack(0x0000000017ca0000,0x0000000017da0000)]
  0x00000000175ad000 JavaThread "pool-2-thread-3" [_thread_blocked, id=8804, stack(0x0000000017ba0000,0x0000000017ca0000)]
  0x00000000175ab800 JavaThread "pool-2-thread-2" [_thread_blocked, id=9032, stack(0x0000000017aa0000,0x0000000017ba0000)]
  0x00000000175a9000 JavaThread "pool-3-thread-1" [_thread_blocked, id=6656, stack(0x00000000179a0000,0x0000000017aa0000)]
  0x00000000175a8000 JavaThread "pool-2-thread-1" [_thread_blocked, id=5224, stack(0x00000000178a0000,0x00000000179a0000)]
  0x00000000172ac000 JavaThread "Service Thread" daemon [_thread_blocked, id=7536, stack(0x00000000176a0000,0x00000000177a0000)]
  0x00000000159ae000 JavaThread "C1 CompilerThread2" daemon [_thread_in_vm, id=2760, stack(0x00000000171a0000,0x00000000172a0000)]
=>0x00000000159a9000 JavaThread "C2 CompilerThread1" daemon [_thread_in_native, id=7380, stack(0x00000000170a0000,0x00000000171a0000)]
  0x000000001594c800 JavaThread "C2 CompilerThread0" daemon [_thread_in_native, id=6736, stack(0x0000000016fa0000,0x00000000170a0000)]
  0x000000001594a800 JavaThread "Attach Listener" daemon [_thread_blocked, id=1680, stack(0x0000000016ea0000,0x0000000016fa0000)]
  0x0000000015949800 JavaThread "Signal Dispatcher" daemon [_thread_blocked, id=2860, stack(0x0000000016da0000,0x0000000016ea0000)]
  0x000000001593a000 JavaThread "Finalizer" daemon [_thread_blocked, id=7524, stack(0x0000000016bb0000,0x0000000016cb0000)]
  0x0000000015919000 JavaThread "Reference Handler" daemon [_thread_blocked, id=2132, stack(0x0000000016ab0000,0x0000000016bb0000)]
  0x0000000003160800 JavaThread "main" [_thread_in_vm, id=3804, stack(0x0000000003040000,0x0000000003140000)]

Other Threads:
  0x0000000015917000 VMThread [stack: 0x00000000169b0000,0x0000000016ab0000] [id=4696]
  0x00000000172a5000 WatcherThread [stack: 0x00000000177a0000,0x00000000178a0000] [id=6112]

VM state:synchronizing (normal execution)

VM Mutex/Monitor currently owned by a thread:  ([mutex/lock_event])
[0x000000000303bef0] Threads_lock - owner thread: 0x0000000015917000

Heap:
 PSYoungGen      total 78848K, used 56491K [0x00000000eab00000, 0x00000000f4500000, 0x0000000100000000)
  eden space 65536K, 68% used [0x00000000eab00000,0x00000000ed68ba98,0x00000000eeb00000)
  from space 13312K, 89% used [0x00000000f3800000,0x00000000f439f3f0,0x00000000f4500000)
  to   space 2560K, 0% used [0x00000000eeb00000,0x00000000eeb00000,0x00000000eed80000)
 ParOldGen       total 44032K, used 19909K [0x00000000c0000000, 0x00000000c2b00000, 0x00000000eab00000)
  object space 44032K, 45% used [0x00000000c0000000,0x00000000c1371540,0x00000000c2b00000)
 Metaspace       used 6473K, capacity 7192K, committed 7424K, reserved 1056768K
  class space    used 626K, capacity 656K, committed 768K, reserved 1048576K

Card table byte_map: [0x0000000012620000,0x0000000012830000] byte_map_base: 0x0000000012020000

Marking Bits: (ParMarkBitMap*) 0x00000000569864f0
 Begin Bits: [0x0000000012d90000, 0x0000000013d90000)
 End Bits:   [0x0000000013d90000, 0x0000000014d90000)

Polling page: 0x0000000003020000

CodeCache: size=245760Kb used=9257Kb max_used=9257Kb free=236502Kb
 bounds [0x0000000003260000, 0x0000000003b80000, 0x0000000012260000]
 total_blobs=2237 nmethods=1967 adapters=182
 compilation: enabled

Compilation events (10 events):
Event: 30.719 Thread 0x00000000159ae000 1995       2       com.android.dx.ssa.MoveParamCombiner$1::visitNonMoveInsn (213 bytes)
Event: 30.720 Thread 0x00000000159ae000 nmethod 1995 0x0000000003b5e110 code [0x0000000003b5e320, 0x0000000003b5ea58]
Event: 30.722 Thread 0x00000000159ae000 1996       1       com.android.dx.cf.attrib.AttConstantValue::getConstantValue (5 bytes)
Event: 30.722 Thread 0x00000000159ae000 nmethod 1996 0x000000000336d690 code [0x000000000336d7e0, 0x000000000336d8f0]
Event: 30.739 Thread 0x00000000159ae000 1998       2       com.android.dx.rop.code.Rops::opAdd (29 bytes)
Event: 30.739 Thread 0x00000000159ae000 nmethod 1998 0x000000000336d2d0 code [0x000000000336d440, 0x000000000336d5e8]
Event: 30.744 Thread 0x00000000159ae000 1999       2       java.util.concurrent.locks.LockSupport::park (23 bytes)
Event: 30.745 Thread 0x00000000159ae000 nmethod 1999 0x0000000003b33c10 code [0x0000000003b33d80, 0x0000000003b33f68]
Event: 30.746 Thread 0x00000000159a9000 nmethod 1976 0x0000000003b64390 code [0x0000000003b645a0, 0x0000000003b65708]
Event: 30.746 Thread 0x00000000159a9000 1997       4       com.android.dx.ssa.LiteralOpUpgrader::tryReplacingWithConstant (161 bytes)

GC Heap History (10 events):
Event: 13.567 GC heap before
{Heap before GC invocations=2 (full 0):
 PSYoungGen      total 18944K, used 18925K [0x00000000eab00000, 0x00000000ed000000, 0x0000000100000000)
  eden space 16384K, 100% used [0x00000000eab00000,0x00000000ebb00000,0x00000000ebb00000)
  from space 2560K, 99% used [0x00000000ebb00000,0x00000000ebd7b780,0x00000000ebd80000)
  to   space 2560K, 0% used [0x00000000ecd80000,0x00000000ecd80000,0x00000000ed000000)
 ParOldGen       total 44032K, used 992K [0x00000000c0000000, 0x00000000c2b00000, 0x00000000eab00000)
  object space 44032K, 2% used [0x00000000c0000000,0x00000000c00f8088,0x00000000c2b00000)
 Metaspace       used 5960K, capacity 6834K, committed 7040K, reserved 1056768K
  class space    used 604K, capacity 618K, committed 640K, reserved 1048576K
Event: 14.012 GC heap after
Heap after GC invocations=2 (full 0):
 PSYoungGen      total 35328K, used 2545K [0x00000000eab00000, 0x00000000ed000000, 0x0000000100000000)
  eden space 32768K, 0% used [0x00000000eab00000,0x00000000eab00000,0x00000000ecb00000)
  from space 2560K, 99% used [0x00000000ecd80000,0x00000000ecffc688,0x00000000ed000000)
  to   space 2560K, 0% used [0x00000000ecb00000,0x00000000ecb00000,0x00000000ecd80000)
 ParOldGen       total 44032K, used 2718K [0x00000000c0000000, 0x00000000c2b00000, 0x00000000eab00000)
  object space 44032K, 6% used [0x00000000c0000000,0x00000000c02a7bd0,0x00000000c2b00000)
 Metaspace       used 5960K, capacity 6834K, committed 7040K, reserved 1056768K
  class space    used 604K, capacity 618K, committed 640K, reserved 1048576K
}
Event: 17.784 GC heap before
{Heap before GC invocations=3 (full 0):
 PSYoungGen      total 35328K, used 35313K [0x00000000eab00000, 0x00000000ed000000, 0x0000000100000000)
  eden space 32768K, 100% used [0x00000000eab00000,0x00000000ecb00000,0x00000000ecb00000)
  from space 2560K, 99% used [0x00000000ecd80000,0x00000000ecffc688,0x00000000ed000000)
  to   space 2560K, 0% used [0x00000000ecb00000,0x00000000ecb00000,0x00000000ecd80000)
 ParOldGen       total 44032K, used 2720K [0x00000000c0000000, 0x00000000c2b00000, 0x00000000eab00000)
  object space 44032K, 6% used [0x00000000c0000000,0x00000000c02a8278,0x00000000c2b00000)
 Metaspace       used 6209K, capacity 7090K, committed 7296K, reserved 1056768K
  class space    used 604K, capacity 618K, committed 640K, reserved 1048576K
Event: 18.372 GC heap after
Heap after GC invocations=3 (full 0):
 PSYoungGen      total 35328K, used 2558K [0x00000000eab00000, 0x00000000ef000000, 0x0000000100000000)
  eden space 32768K, 0% used [0x00000000eab00000,0x00000000eab00000,0x00000000ecb00000)
  from space 2560K, 99% used [0x00000000ecb00000,0x00000000ecd7f8d0,0x00000000ecd80000)
  to   space 2560K, 0% used [0x00000000eed80000,0x00000000eed80000,0x00000000ef000000)
 ParOldGen       total 44032K, used 8011K [0x00000000c0000000, 0x00000000c2b00000, 0x00000000eab00000)
  object space 44032K, 18% used [0x00000000c0000000,0x00000000c07d2e38,0x00000000c2b00000)
 Metaspace       used 6209K, capacity 7090K, committed 7296K, reserved 1056768K
  class space    used 604K, capacity 618K, committed 640K, reserved 1048576K
}
Event: 19.425 GC heap before
{Heap before GC invocations=4 (full 0):
 PSYoungGen      total 35328K, used 10395K [0x00000000eab00000, 0x00000000ef000000, 0x0000000100000000)
  eden space 32768K, 23% used [0x00000000eab00000,0x00000000eb2a7598,0x00000000ecb00000)
  from space 2560K, 99% used [0x00000000ecb00000,0x00000000ecd7f8d0,0x00000000ecd80000)
  to   space 2560K, 0% used [0x00000000eed80000,0x00000000eed80000,0x00000000ef000000)
 ParOldGen       total 44032K, used 8011K [0x00000000c0000000, 0x00000000c2b00000, 0x00000000eab00000)
  object space 44032K, 18% used [0x00000000c0000000,0x00000000c07d2e38,0x00000000c2b00000)
 Metaspace       used 6214K, capacity 7090K, committed 7296K, reserved 1056768K
  class space    used 604K, capacity 618K, committed 640K, reserved 1048576K
Event: 20.122 GC heap after
Heap after GC invocations=4 (full 0):
 PSYoungGen      total 68096K, used 2558K [0x00000000eab00000, 0x00000000ef000000, 0x0000000100000000)
  eden space 65536K, 0% used [0x00000000eab00000,0x00000000eab00000,0x00000000eeb00000)
  from space 2560K, 99% used [0x00000000eed80000,0x00000000eefff8b0,0x00000000ef000000)
  to   space 2560K, 0% used [0x00000000eeb00000,0x00000000eeb00000,0x00000000eed80000)
 ParOldGen       total 44032K, used 9067K [0x00000000c0000000, 0x00000000c2b00000, 0x00000000eab00000)
  object space 44032K, 20% used [0x00000000c0000000,0x00000000c08dae38,0x00000000c2b00000)
 Metaspace       used 6214K, capacity 7090K, committed 7296K, reserved 1056768K
  class space    used 604K, capacity 618K, committed 640K, reserved 1048576K
}
Event: 25.917 GC heap before
{Heap before GC invocations=5 (full 0):
 PSYoungGen      total 68096K, used 68094K [0x00000000eab00000, 0x00000000ef000000, 0x0000000100000000)
  eden space 65536K, 100% used [0x00000000eab00000,0x00000000eeb00000,0x00000000eeb00000)
  from space 2560K, 99% used [0x00000000eed80000,0x00000000eefff8b0,0x00000000ef000000)
  to   space 2560K, 0% used [0x00000000eeb00000,0x00000000eeb00000,0x00000000eed80000)
 ParOldGen       total 44032K, used 9067K [0x00000000c0000000, 0x00000000c2b00000, 0x00000000eab00000)
  object space 44032K, 20% used [0x00000000c0000000,0x00000000c08dae38,0x00000000c2b00000)
 Metaspace       used 6293K, capacity 7154K, committed 7296K, reserved 1056768K
  class space    used 605K, capacity 618K, committed 640K, reserved 1048576K
Event: 26.223 GC heap after
Heap after GC invocations=5 (full 0):
 PSYoungGen      total 68096K, used 2556K [0x00000000eab00000, 0x00000000f4500000, 0x0000000100000000)
  eden space 65536K, 0% used [0x00000000eab00000,0x00000000eab00000,0x00000000eeb00000)
  from space 2560K, 99% used [0x00000000eeb00000,0x00000000eed7f020,0x00000000eed80000)
  to   space 13312K, 0% used [0x00000000f3800000,0x00000000f3800000,0x00000000f4500000)
 ParOldGen       total 44032K, used 19901K [0x00000000c0000000, 0x00000000c2b00000, 0x00000000eab00000)
  object space 44032K, 45% used [0x00000000c0000000,0x00000000c136f540,0x00000000c2b00000)
 Metaspace       used 6293K, capacity 7154K, committed 7296K, reserved 1056768K
  class space    used 605K, capacity 618K, committed 640K, reserved 1048576K
}
Event: 29.149 GC heap before
{Heap before GC invocations=6 (full 0):
 PSYoungGen      total 68096K, used 68092K [0x00000000eab00000, 0x00000000f4500000, 0x0000000100000000)
  eden space 65536K, 100% used [0x00000000eab00000,0x00000000eeb00000,0x00000000eeb00000)
  from space 2560K, 99% used [0x00000000eeb00000,0x00000000eed7f020,0x00000000eed80000)
  to   space 13312K, 0% used [0x00000000f3800000,0x00000000f3800000,0x00000000f4500000)
 ParOldGen       total 44032K, used 19901K [0x00000000c0000000, 0x00000000c2b00000, 0x00000000eab00000)
  object space 44032K, 45% used [0x00000000c0000000,0x00000000c136f540,0x00000000c2b00000)
 Metaspace       used 6411K, capacity 7192K, committed 7424K, reserved 1056768K
  class space    used 626K, capacity 656K, committed 768K, reserved 1048576K
Event: 30.698 GC heap after
Heap after GC invocations=6 (full 0):
 PSYoungGen      total 78848K, used 11900K [0x00000000eab00000, 0x00000000f4500000, 0x0000000100000000)
  eden space 65536K, 0% used [0x00000000eab00000,0x00000000eab00000,0x00000000eeb00000)
  from space 13312K, 89% used [0x00000000f3800000,0x00000000f439f3f0,0x00000000f4500000)
  to   space 2560K, 0% used [0x00000000eeb00000,0x00000000eeb00000,0x00000000eed80000)
 ParOldGen       total 44032K, used 19909K [0x00000000c0000000, 0x00000000c2b00000, 0x00000000eab00000)
  object space 44032K, 45% used [0x00000000c0000000,0x00000000c1371540,0x00000000c2b00000)
 Metaspace       used 6411K, capacity 7192K, committed 7424K, reserved 1056768K
  class space    used 626K, capacity 656K, committed 768K, reserved 1048576K
}

Deoptimization events (10 events):
Event: 27.042 Thread 0x00000000175ab800 Uncommon trap: reason=bimorphic action=maybe_recompile pc=0x0000000003ab9a14 method=com.android.dx.cf.code.BytecodeArray.parseInstruction(ILcom/android/dx/cf/code/BytecodeArray$Visitor;)I @ 955
Event: 27.080 Thread 0x00000000175ad800 Uncommon trap: reason=unstable_if action=reinterpret pc=0x0000000003573e24 method=java.util.HashMap.putVal(ILjava/lang/Object;Ljava/lang/Object;ZZ)Ljava/lang/Object; @ 162
Event: 27.367 Thread 0x0000000003160800 Uncommon trap: reason=unstable_if action=reinterpret pc=0x00000000034780d0 method=java.util.HashMap.getNode(ILjava/lang/Object;)Ljava/util/HashMap$Node; @ 84
Event: 27.428 Thread 0x00000000175ad000 Uncommon trap: reason=unstable_if action=reinterpret pc=0x00000000037a44ec method=java.util.HashMap.putVal(ILjava/lang/Object;Ljava/lang/Object;ZZ)Ljava/lang/Object; @ 162
Event: 27.592 Thread 0x00000000175ab800 Uncommon trap: reason=bimorphic action=maybe_recompile pc=0x0000000003b070f4 method=com.android.dx.rop.code.RegisterSpec.withSimpleType()Lcom/android/dx/rop/code/RegisterSpec; @ 21
Event: 27.619 Thread 0x00000000175a8000 Uncommon trap: reason=bimorphic action=maybe_recompile pc=0x0000000003b070f4 method=com.android.dx.rop.code.RegisterSpec.withSimpleType()Lcom/android/dx/rop/code/RegisterSpec; @ 21
Event: 27.627 Thread 0x00000000175a8000 Uncommon trap: reason=bimorphic action=maybe_recompile pc=0x00000000039cc1cc method=com.android.dx.ssa.LiteralOpUpgrader.tryReplacingWithConstant(Lcom/android/dx/ssa/NormalSsaInsn;)Z @ 62
Event: 27.958 Thread 0x00000000175ab800 Uncommon trap: reason=unstable_if action=reinterpret pc=0x0000000003a189f4 method=com.android.dx.rop.code.BasicBlockList.preferredSuccessorOf(Lcom/android/dx/rop/code/BasicBlock;)Lcom/android/dx/rop/code/BasicBlock; @ 58
Event: 28.034 Thread 0x00000000175ad000 Uncommon trap: reason=bimorphic action=maybe_recompile pc=0x00000000039cc1cc method=com.android.dx.ssa.LiteralOpUpgrader.tryReplacingWithConstant(Lcom/android/dx/ssa/NormalSsaInsn;)Z @ 62
Event: 30.714 Thread 0x00000000175ad000 Uncommon trap: reason=unstable_if action=reinterpret pc=0x00000000036f228c method=com.android.dx.ssa.MoveParamCombiner$1.visitNonMoveInsn(Lcom/android/dx/ssa/NormalSsaInsn;)V @ 27

Internal exceptions (5 events):
Event: 0.237 Thread 0x0000000003160800 Exception <a 'java/lang/NoSuchMethodError': Method sun.misc.Unsafe.defineClass(Ljava/lang/String;[BII)Ljava/lang/Class; name or signature does not match> (0x00000000eab07cc0) thrown at [D:\re\workspace\8-2-build-windows-amd64-cygwin\jdk8u92\6642\hotspot\sr}C~¦ÊVÎ?
Event: 0.237 Thread 0x0000000003160800 Exception <a 'java/lang/NoSuchMethodError': Method sun.misc.Unsafe.prefetchRead(Ljava/lang/Object;J)V name or signature does not match> (0x00000000eab07fa8) thrown at [D:\re\workspace\8-2-build-windows-amd64-cygwin\jdk8u92\6642\hotspot\src\share\vm\prims\j2¿Ä;@
Event: 27.082 Thread 0x00000000175ad800 Exception <a 'java/lang/ArrayIndexOutOfBoundsException': 18> (0x00000000ebf88190) thrown at [D:\re\workspace\8-2-build-windows-amd64-cygwin\jdk8u92\6642\hotspot\src\share\vm\interpreter\interpreterRuntime.cpp, line 366]
Event: 27.083 Thread 0x00000000175ad800 Exception <a 'java/lang/ArrayIndexOutOfBoundsException'> (0x00000000ebf89d10) thrown at [D:\re\workspace\8-2-build-windows-amd64-cygwin\jdk8u92\6642\hotspot\src\share\vm\runtime\sharedRuntime.cpp, line 605]
Event: 27.084 Thread 0x00000000175ad800 Exception <a 'java/lang/ArrayIndexOutOfBoundsException'> (0x00000000ebf8aff8) thrown at [D:\re\workspace\8-2-build-windows-amd64-cygwin\jdk8u92\6642\hotspot\src\share\vm\runtime\sharedRuntime.cpp, line 605]

Events (10 events):
Event: 28.055 Thread 0x0000000003160800 DEOPT UNPACKING pc=0x00000000032a787f sp=0x000000000313deb8 mode 0
Event: 28.055 Executing VM operation: ParallelGCFailedAllocation
Event: 30.698 Executing VM operation: ParallelGCFailedAllocation done
Event: 30.704 Thread 0x00000000159a9000 flushing nmethod 0x0000000003360350
Event: 30.704 Thread 0x00000000159a9000 flushing nmethod 0x000000000336a290
Event: 30.704 Thread 0x00000000159a9000 flushing nmethod 0x000000000336d150
Event: 30.704 Thread 0x00000000159a9000 flushing nmethod 0x000000000336d610
Event: 30.714 Thread 0x00000000175ad000 Uncommon trap: trap_request=0xffffff65 fr.pc=0x00000000036f228c
Event: 30.714 Thread 0x00000000175ad000 DEOPT PACKING pc=0x00000000036f228c sp=0x0000000017c9e910
Event: 30.714 Thread 0x00000000175ad000 DEOPT UNPACKING pc=0x00000000032a582a sp=0x0000000017c9e868 mode 2


Dynamic libraries:
0x00007ff70b870000 - 0x00007ff70b8a7000 	C:\Program Files\Java\jdk1.8.0_92\bin\java.exe
0x00007ff94d0b0000 - 0x00007ff94d271000 	C:\WINDOWS\SYSTEM32\ntdll.dll
0x00007ff94be20000 - 0x00007ff94becd000 	C:\WINDOWS\system32\KERNEL32.DLL
0x00007ff94a1a0000 - 0x00007ff94a388000 	C:\WINDOWS\system32\KERNELBASE.dll
0x00007ff94d000000 - 0x00007ff94d0a7000 	C:\WINDOWS\system32\ADVAPI32.dll
0x00007ff94c1e0000 - 0x00007ff94c27d000 	C:\WINDOWS\system32\msvcrt.dll
0x00007ff94bd50000 - 0x00007ff94bdab000 	C:\WINDOWS\system32\sechost.dll
0x00007ff94a4b0000 - 0x00007ff94a5cc000 	C:\WINDOWS\system32\RPCRT4.dll
0x00007ff94c890000 - 0x00007ff94c9e6000 	C:\WINDOWS\system32\USER32.dll
0x00007ff94c630000 - 0x00007ff94c7b6000 	C:\WINDOWS\system32\GDI32.dll
0x00007ff93ddf0000 - 0x00007ff93e064000 	C:\WINDOWS\WinSxS\amd64_microsoft.windows.common-controls_6595b64144ccf1df_6.0.10586.494_none_a2d8b04ea53e3145\COMCTL32.dll
0x00007ff94c330000 - 0x00007ff94c5ad000 	C:\WINDOWS\system32\combase.dll
0x00007ff94a390000 - 0x00007ff94a3fa000 	C:\WINDOWS\system32\bcryptPrimitives.dll
0x00007ff94bd10000 - 0x00007ff94bd4b000 	C:\WINDOWS\system32\IMM32.DLL
0x0000000055ce0000 - 0x0000000055db2000 	C:\Program Files\Java\jdk1.8.0_92\jre\bin\msvcr100.dll
0x0000000056170000 - 0x0000000056a06000 	C:\Program Files\Java\jdk1.8.0_92\jre\bin\server\jvm.dll
0x00007ff94ca10000 - 0x00007ff94ca18000 	C:\WINDOWS\system32\PSAPI.DLL
0x00007ff93afa0000 - 0x00007ff93afa9000 	C:\WINDOWS\SYSTEM32\WSOCK32.dll
0x00007ff94c5c0000 - 0x00007ff94c62b000 	C:\WINDOWS\system32\WS2_32.dll
0x00007ff947920000 - 0x00007ff947943000 	C:\WINDOWS\SYSTEM32\WINMM.dll
0x00007ff93d5e0000 - 0x00007ff93d5ea000 	C:\WINDOWS\SYSTEM32\VERSION.dll
0x00007ff9478f0000 - 0x00007ff94791c000 	C:\WINDOWS\SYSTEM32\WINMMBASE.dll
0x00007ff949760000 - 0x00007ff9497a3000 	C:\WINDOWS\system32\cfgmgr32.dll
0x0000000056160000 - 0x000000005616f000 	C:\Program Files\Java\jdk1.8.0_92\jre\bin\verify.dll
0x0000000056130000 - 0x0000000056159000 	C:\Program Files\Java\jdk1.8.0_92\jre\bin\java.dll
0x0000000056110000 - 0x0000000056126000 	C:\Program Files\Java\jdk1.8.0_92\jre\bin\zip.dll
0x00007ff94a7b0000 - 0x00007ff94bd0c000 	C:\WINDOWS\system32\SHELL32.dll
0x00007ff949920000 - 0x00007ff949f65000 	C:\WINDOWS\system32\windows.storage.dll
0x00007ff94c020000 - 0x00007ff94c072000 	C:\WINDOWS\system32\shlwapi.dll
0x00007ff949720000 - 0x00007ff94972f000 	C:\WINDOWS\system32\kernel.appcore.dll
0x00007ff949860000 - 0x00007ff949915000 	C:\WINDOWS\system32\shcore.dll
0x00007ff9496d0000 - 0x00007ff94971b000 	C:\WINDOWS\system32\powrprof.dll
0x00007ff949740000 - 0x00007ff949754000 	C:\WINDOWS\system32\profapi.dll

VM Arguments:
jvm_args: -Djava.awt.headless=true -Xmx1024M -Dfile.encoding=windows-1252 -Duser.country=US -Duser.language=en -Duser.variant 
java_command: com.android.dx.command.Main --dex --force-jumbo --num-threads=4 --multi-dex --output E:\project\AndroidStudioProjects\MovieAPP\app\build\intermediates\transforms\dex\debug\folders\1000\10\com.android.support-appcompat-v7-23.4.0_46c784c75706372853b193d5f8413f3463ce810c E:\project\AndroidStudioProjects\MovieAPP\app\build\intermediates\exploded-aar\com.android.support\appcompat-v7\23.4.0\jars\classes.jar
java_class_path (initial): C:\Users\Marim\AppData\Local\Android\Sdk\build-tools\24.0.1\lib\dx.jar
Launcher Type: SUN_STANDARD

Environment Variables:
PATH=C:\ProgramData\Oracle\Java\javapath;C:\WINDOWS\system32;C:\WINDOWS;C:\WINDOWS\System32\Wbem;C:\WINDOWS\System32\WindowsPowerShell\v1.0\;C:\Program Files (x86)\Skype\Phone\;C:\Program Files (x86)\Windows Live\Shared;C:\Program Files (x86)\GtkSharp\2.12\bin;C:\Program Files (x86)\GtkSharp\3.0\bin;C:\Program Files\Git\cmd
USERNAME=Marim
OS=Windows_NT
PROCESSOR_IDENTIFIER=Intel64 Family 6 Model 58 Stepping 9, GenuineIntel



---------------  S Y S T E M  ---------------

OS: Windows 10.0 , 64 bit Build 10586 (10.0.10586.0)

CPU:total 4 (2 cores per cpu, 2 threads per core) family 6 model 58 stepping 9, cmov, cx8, fxsr, mmx, sse, sse2, sse3, ssse3, sse4.1, sse4.2, popcnt, avx, clmul, erms, ht, tsc, tscinvbit, tscinv

Memory: 4k page, physical 4070896k(247008k free), swap 7545932k(5196k free)

vm_info: Java HotSpot(TM) 64-Bit Server VM (25.92-b14) for windows-amd64 JRE (1.8.0_92-b14), built on Mar 31 2016 21:03:04 by "java_re" with MS VC++ 10.0 (VS2010)

time: Fri Aug 12 17:06:51 2016
elapsed time: 32 seconds (0d 0h 0m 32s)

